2026-03-15 09:49:25.082810-0400 0x3b596    Default     0x0                  406    0    WindowServer: (CoreRCPlugin) [com.apple.CoreRCPlugin:default] CoreRCDisplayPowerNotification in IOPM callback
2026-03-15 09:49:25.082825-0400 0x3b57c    Default     0x0                  406    7    WindowServer: (SkyLight) [com.apple.SkyLight:display] [ Display:Power      ] X-I: -1, P: 7:0, C: 1:1, T: 0.00:0, p: 15a00000009, U: 9
2026-03-15 09:49:25.083294-0400 0xdaf      Default     0x0                  406    7    WindowServer: (SkyLight) [com.apple.SkyLight:display] [ Display:Power      ] S-I: 1, P: 2:0, C: 1, T: 0.00, p: 15a00000009, U: 9
2026-03-15 09:49:25.083319-0400 0x3b57c    Default     0x0                  406    7    WindowServer: (SkyLight) [com.apple.SkyLight:display] [ Display:Power      ] X-I: -1, P: 2:1, C: 0:0, T: 0.00:0, p: 15a0000000a, U: 10
2026-03-15 09:49:25.083550-0400 0xdaf      Default     0x0                  406    7    WindowServer: (SkyLight) [com.apple.SkyLight:display] [ Display:Power      ]   Work (D/C/W/S/P/R): 0/0/0/0/0/0
2026-03-15 09:49:25.083560-0400 0xdaf      Default     0x0                  406    7    WindowServer: (SkyLight) [com.apple.SkyLight:display] [ Display:Power      ] CH-S: 0, U: 9
2026-03-15 09:49:25.083605-0400 0xdaf      Default     0x0                  406    7    WindowServer: (SkyLight) [com.apple.SkyLight:display] [ Display:Hotplug    ] Deferred hotplugs cannot be processed in a non-wake state
2026-03-15 09:49:25.084914-0400 0xdaf      Default     0x0                  406    7    WindowServer: (SkyLight) [com.apple.SkyLight:display] [ Display:Power      ] S-I: ffffffff, P: 2:0, C: 0, T: 0.00, p: 15a0000000a, U: 10
2026-03-15 09:49:25.084928-0400 0xdaf      Default     0x0                  406    7    WindowServer: (SkyLight) [com.apple.SkyLight:display] [ Display:CBPolicy   ] Policy reset
2026-03-15 09:49:25.084930-0400 0xdaf      Default     0x0                  406    7    WindowServer: (SkyLight) [com.apple.SkyLight:display] [ Display:Power      ] Broadcast: Will Wake
2026-03-15 09:49:25.085088-0400 0xdaf      Default     0x0                  406    0    WindowServer: (QuartzCore) [com.apple.coreanimation:DisplayState] Display 1 setEnabled:1
2026-03-15 09:49:25.085094-0400 0xdaf      Default     0x0                  406    0    WindowServer: (QuartzCore) [com.apple.coreanimation:DisplayState] Server::set_display_state display_id=1 seed=0 current_state=off target_state=off new_target_state=on
2026-03-15 09:49:25.085218-0400 0xdaf      Default     0x0                  406    0    WindowServer: (QuartzCore) [com.apple.coreanimation:DisplayState] IOMFBDisplay::update_power_state display_id=1 current_power_state=0 target_power_state=0 new_target_power_state=1 sync=0 raw_power_state=1 power_assertions=0
2026-03-15 09:49:25.085368-0400 0xdaf      Default     0x0                  406    0    WindowServer: (QuartzCore) [com.apple.coreanimation:WindowServer] Display 1 set power state 1
2026-03-15 09:49:25.085734-0400 0xdaf      Default     0x0                  406    0    WindowServer: (QuartzCore) [com.apple.coreanimation:WindowServer] Display 1 error 0xe00002bc fetching current digital mode
2026-03-15 09:49:25.085736-0400 0xdaf      Default     0x0                  406    0    WindowServer: (QuartzCore) [com.apple.coreanimation:DisplayState] IOMFBDisplay::set_display_state display_id=1 current_state=off target_state=on
2026-03-15 09:49:25.085736-0400 0xdaf      Default     0x0                  406    0    WindowServer: (QuartzCore) [com.apple.coreanimation:DisplayState] Server::set_display_state display_id=1 seed=0 current_state=off target_state=on result=queued
2026-03-15 09:49:25.085737-0400 0xdaf      Default     0x0                  406    0    WindowServer: (QuartzCore) [com.apple.coreanimation:DisplayState] IOMFBDisplay::update_power_state display_id=1 current_power_state=0 target_power_state=1 new_target_power_state=1 sync=0 raw_power_state=1 power_assertions=0
2026-03-15 09:49:25.085737-0400 0xdaf      Default     0x0                  406    0    WindowServer: (QuartzCore) [com.apple.coreanimation:DisplayState] IOMFBDisplay::complete_display_state_transition display_id=1, current_state=on
2026-03-15 09:49:25.137280-0400 0xdaf      Default     0x0                  406    7    WindowServer: (SkyLight) [com.apple.SkyLight:display] [ Display:Config     ] Name: Valid, Attributes: Valid
2026-03-15 09:49:25.137352-0400 0xdaf      Default     0x0                  406    7    WindowServer: (SkyLight) [com.apple.SkyLight:display] [ Display:Presets:Shim ] <private>
2026-03-15 09:49:25.137411-0400 0xdaf      Info        0x0                  406    0    WindowServer: (ProDisplayLibrary) [com.apple.ProDisplayLibrary:ProDisplayHardware] <private>
2026-03-15 09:49:25.137875-0400 0xdaf      Info        0x0                  406    0    WindowServer: (ProDisplayLibrary) [com.apple.ProDisplayLibrary:ProDisplayHardware] <private>
2026-03-15 09:49:25.137878-0400 0xdaf      Default     0x0                  406    0    WindowServer: (ProDisplayLibrary) [com.apple.ProDisplayLibrary:ProDisplay] <private>
2026-03-15 09:49:25.137881-0400 0xdaf      Default     0x0                  406    7    WindowServer: (SkyLight) [com.apple.SkyLight:display] [ Display:Presets:Shim ] <private>
2026-03-15 09:49:25.140630-0400 0xdaf      Default     0x0                  406    7    WindowServer: (SkyLight) [com.apple.SkyLight:display] [ Display:HDR ] Display 1 has override file at <private>
2026-03-15 09:49:25.145696-0400 0xdaf      Default     0x0                  406    7    WindowServer: (SkyLight) [com.apple.SkyLight:display] [ Display:Mode       ] Display 1 set to starting mode 6
2026-03-15 09:49:25.145716-0400 0xdaf      Default     0x0                  406    7    WindowServer: (SkyLight) [com.apple.SkyLight:display] [ Display:HDR ] Not populating capabilities for builtin display 1 set to sdr mode and brightness slider support is enabled.
2026-03-15 09:49:25.147386-0400 0xdaf      Default     0x0                  406    7    WindowServer: (SkyLight) [com.apple.SkyLight:display] [ Display:Presets:Shim ] <private>
2026-03-15 09:49:25.147392-0400 0xdaf      Info        0x0                  406    0    WindowServer: (ProDisplayLibrary) [com.apple.ProDisplayLibrary:ProDisplayHardware] <private>
