2026-03-15 10:57:36.722278-0400 0x412b9    Default     0x0                  406    0    WindowServer: (CoreRCPlugin) [com.apple.CoreRCPlugin:default] CoreRCDisplayPowerNotification in IOPM callback
2026-03-15 10:57:36.723106-0400 0x404d5    Default     0x0                  406    7    WindowServer: (SkyLight) [com.apple.SkyLight:display] [ Display:Power      ] X-I: -1, P: 7:0, C: 1:1, T: 0.00:0, p: 15a0000000d, U: 13
2026-03-15 10:57:36.723358-0400 0xdaf      Default     0x0                  406    7    WindowServer: (SkyLight) [com.apple.SkyLight:display] [ Display:Power      ] S-I: 1, P: 2:0, C: 1, T: 0.00, p: 15a0000000d, U: 13
2026-03-15 10:57:36.723360-0400 0x404d5    Default     0x0                  406    7    WindowServer: (SkyLight) [com.apple.SkyLight:display] [ Display:Power      ] X-I: -1, P: 2:1, C: 0:0, T: 0.00:0, p: 15a0000000e, U: 14
2026-03-15 10:57:36.776641-0400 0xdaf      Default     0x0                  406    7    WindowServer: (SkyLight) [com.apple.SkyLight:display] [ Display:Power      ]   Work (D/C/W/S/P/R): 0/0/0/0/0/0
2026-03-15 10:57:36.776659-0400 0xdaf      Default     0x0                  406    7    WindowServer: (SkyLight) [com.apple.SkyLight:display] [ Display:Power      ] CH-S: 0, U: 13
2026-03-15 10:57:36.776708-0400 0xdaf      Default     0x0                  406    7    WindowServer: (SkyLight) [com.apple.SkyLight:display] [ Display:Hotplug    ] Deferred hotplugs cannot be processed in a non-wake state
2026-03-15 10:57:36.776887-0400 0xdaf      Default     0x0                  406    7    WindowServer: (SkyLight) [com.apple.SkyLight:display] [ Display:Power      ] S-I: ffffffff, P: 2:0, C: 0, T: 0.00, p: 15a0000000e, U: 14
2026-03-15 10:57:36.776907-0400 0xdaf      Default     0x0                  406    7    WindowServer: (SkyLight) [com.apple.SkyLight:display] [ Display:CBPolicy   ] Policy reset
2026-03-15 10:57:36.776910-0400 0xdaf      Default     0x0                  406    7    WindowServer: (SkyLight) [com.apple.SkyLight:display] [ Display:Power      ] Broadcast: Will Wake
2026-03-15 10:57:36.777685-0400 0xdaf      Default     0x0                  406    0    WindowServer: (QuartzCore) [com.apple.coreanimation:DisplayState] Display 1 setEnabled:1
2026-03-15 10:57:36.778260-0400 0xdaf      Default     0x0                  406    0    WindowServer: (QuartzCore) [com.apple.coreanimation:DisplayState] Server::set_display_state display_id=1 seed=0 current_state=off target_state=off new_target_state=on
2026-03-15 10:57:36.778547-0400 0xdaf      Default     0x0                  406    0    WindowServer: (QuartzCore) [com.apple.coreanimation:DisplayState] IOMFBDisplay::update_power_state display_id=1 current_power_state=0 target_power_state=0 new_target_power_state=1 sync=0 raw_power_state=1 power_assertions=0
2026-03-15 10:57:36.778716-0400 0xdaf      Default     0x0                  406    0    WindowServer: (QuartzCore) [com.apple.coreanimation:WindowServer] Display 1 set power state 1
2026-03-15 10:57:36.779134-0400 0xdaf      Default     0x0                  406    0    WindowServer: (QuartzCore) [com.apple.coreanimation:WindowServer] Display 1 error 0xe00002bc fetching current digital mode
2026-03-15 10:57:36.779142-0400 0xdaf      Default     0x0                  406    0    WindowServer: (QuartzCore) [com.apple.coreanimation:DisplayState] IOMFBDisplay::set_display_state display_id=1 current_state=off target_state=on
2026-03-15 10:57:36.779143-0400 0xdaf      Default     0x0                  406    0    WindowServer: (QuartzCore) [com.apple.coreanimation:DisplayState] Server::set_display_state display_id=1 seed=0 current_state=off target_state=on result=queued
2026-03-15 10:57:36.779145-0400 0xdaf      Default     0x0                  406    0    WindowServer: (QuartzCore) [com.apple.coreanimation:DisplayState] IOMFBDisplay::update_power_state display_id=1 current_power_state=0 target_power_state=1 new_target_power_state=1 sync=0 raw_power_state=1 power_assertions=0
2026-03-15 10:57:36.779145-0400 0xdaf      Default     0x0                  406    0    WindowServer: (QuartzCore) [com.apple.coreanimation:DisplayState] IOMFBDisplay::complete_display_state_transition display_id=1, current_state=on
2026-03-15 10:57:36.779280-0400 0xdaf      Default     0x0                  406    7    WindowServer: (SkyLight) [com.apple.SkyLight:display] [ Display:Config     ] Name: Valid, Attributes: Valid
2026-03-15 10:57:36.779384-0400 0xdaf      Default     0x0                  406    7    WindowServer: (SkyLight) [com.apple.SkyLight:display] [ Display:Presets:Shim ] <private>
2026-03-15 10:57:36.779456-0400 0xdaf      Info        0x0                  406    0    WindowServer: (ProDisplayLibrary) [com.apple.ProDisplayLibrary:ProDisplayHardware] <private>
2026-03-15 10:57:36.779467-0400 0xdaf      Info        0x0                  406    0    WindowServer: (ProDisplayLibrary) [com.apple.ProDisplayLibrary:ProDisplayHardware] <private>
2026-03-15 10:57:36.779469-0400 0xdaf      Default     0x0                  406    0    WindowServer: (ProDisplayLibrary) [com.apple.ProDisplayLibrary:ProDisplay] <private>
2026-03-15 10:57:36.779471-0400 0xdaf      Default     0x0                  406    7    WindowServer: (SkyLight) [com.apple.SkyLight:display] [ Display:Presets:Shim ] <private>
2026-03-15 10:57:36.780607-0400 0xdaf      Default     0x0                  406    7    WindowServer: (SkyLight) [com.apple.SkyLight:display] [ Display:HDR ] Display 1 has override file at <private>
2026-03-15 10:57:36.785767-0400 0xdaf      Default     0x0                  406    7    WindowServer: (SkyLight) [com.apple.SkyLight:display] [ Display:Mode       ] Display 1 set to starting mode 6
2026-03-15 10:57:36.785787-0400 0xdaf      Default     0x0                  406    7    WindowServer: (SkyLight) [com.apple.SkyLight:display] [ Display:HDR ] Not populating capabilities for builtin display 1 set to sdr mode and brightness slider support is enabled.
2026-03-15 10:57:36.788801-0400 0xdaf      Default     0x0                  406    7    WindowServer: (SkyLight) [com.apple.SkyLight:display] [ Display:Presets:Shim ] <private>
2026-03-15 10:57:36.788808-0400 0xdaf      Info        0x0                  406    0    WindowServer: (ProDisplayLibrary) [com.apple.ProDisplayLibrary:ProDisplayHardware] <private>
