2026-03-14 20:58:25.415931-0400 0xcc99bf   Default     0x0                  23614  7    WindowServer: (SkyLight) [com.apple.SkyLight:display] [ Display:Power      ] X-I: -1, P: 7:0, C: 1:1, T: 0.00:0, p: 15a00000408, U: 1032
2026-03-14 20:58:25.415985-0400 0x3c732c   Default     0x0                  23614  7    WindowServer: (SkyLight) [com.apple.SkyLight:display] [ Display:Power      ] S-I: 1, P: 2:0, C: 1, T: 0.00, p: 15a00000408, U: 1032
2026-03-14 20:58:25.416289-0400 0xcc99bf   Default     0x0                  23614  0    WindowServer: (CoreRCPlugin) [com.apple.CoreRCPlugin:default] CoreRCDisplayPowerNotification in IOPM callback
2026-03-14 20:58:25.424090-0400 0xcc99bf   Default     0x0                  23614  7    WindowServer: (SkyLight) [com.apple.SkyLight:display] [ Display:Power      ] X-I: -1, P: 2:1, C: 0:0, T: 0.00:0, p: 15a00000409, U: 1033
2026-03-14 20:58:25.548802-0400 0x3c732c   Default     0x0                  23614  7    WindowServer: (SkyLight) [com.apple.SkyLight:display] [ Display:Power      ]   Work (D/C/W/S/P/R): 0/0/0/0/0/0
2026-03-14 20:58:25.548816-0400 0x3c732c   Default     0x0                  23614  7    WindowServer: (SkyLight) [com.apple.SkyLight:display] [ Display:Power      ] CH-S: 0, U: 1032
2026-03-14 20:58:25.548863-0400 0x3c732c   Default     0x0                  23614  7    WindowServer: (SkyLight) [com.apple.SkyLight:display] [ Display:Hotplug    ] Deferred hotplugs cannot be processed in a non-wake state
2026-03-14 20:58:25.549181-0400 0xcc99bf   Default     0x0                  23614  7    WindowServer: (SkyLight) [com.apple.SkyLight:display] [ Display:Power      ] X-I: -1, P: 2:1, C: 0:0, T: 0.00:0, p: 15a0000040a, U: 1034
2026-03-14 20:58:25.551507-0400 0x3c732c   Default     0x0                  23614  7    WindowServer: (SkyLight) [com.apple.SkyLight:display] [ Display:Power      ] S-I: ffffffff, P: 2:0, C: 0, T: 0.00, p: 15a00000409, U: 1033
2026-03-14 20:58:25.551812-0400 0x3c732c   Default     0x0                  23614  7    WindowServer: (SkyLight) [com.apple.SkyLight:display] [ Display:CBPolicy   ] Policy reset
2026-03-14 20:58:25.551815-0400 0x3c732c   Default     0x0                  23614  7    WindowServer: (SkyLight) [com.apple.SkyLight:display] [ Display:Power      ] Broadcast: Will Wake
2026-03-14 20:58:25.552824-0400 0x3c732c   Default     0x0                  23614  0    WindowServer: (QuartzCore) [com.apple.coreanimation:DisplayState] Display 1 setEnabled:1
2026-03-14 20:58:25.552834-0400 0x3c732c   Default     0x0                  23614  0    WindowServer: (QuartzCore) [com.apple.coreanimation:DisplayState] Server::set_display_state display_id=1 seed=0 current_state=off target_state=off new_target_state=on
2026-03-14 20:58:25.553410-0400 0x3c732c   Default     0x0                  23614  0    WindowServer: (QuartzCore) [com.apple.coreanimation:DisplayState] IOMFBDisplay::update_power_state display_id=1 current_power_state=0 target_power_state=0 new_target_power_state=1 sync=0 raw_power_state=1 power_assertions=0
2026-03-14 20:58:25.553591-0400 0x3c732c   Default     0x0                  23614  0    WindowServer: (QuartzCore) [com.apple.coreanimation:WindowServer] Display 1 set power state 1
2026-03-14 20:58:25.554062-0400 0x3c732c   Default     0x0                  23614  0    WindowServer: (QuartzCore) [com.apple.coreanimation:WindowServer] Display 1 error 0xe00002bc fetching current digital mode
2026-03-14 20:58:25.554069-0400 0x3c732c   Default     0x0                  23614  0    WindowServer: (QuartzCore) [com.apple.coreanimation:DisplayState] IOMFBDisplay::set_display_state display_id=1 current_state=off target_state=on
2026-03-14 20:58:25.554069-0400 0x3c732c   Default     0x0                  23614  0    WindowServer: (QuartzCore) [com.apple.coreanimation:DisplayState] Server::set_display_state display_id=1 seed=0 current_state=off target_state=on result=queued
2026-03-14 20:58:25.554074-0400 0x3c732c   Default     0x0                  23614  0    WindowServer: (QuartzCore) [com.apple.coreanimation:DisplayState] IOMFBDisplay::update_power_state display_id=1 current_power_state=0 target_power_state=1 new_target_power_state=1 sync=0 raw_power_state=1 power_assertions=0
2026-03-14 20:58:25.554075-0400 0x3c732c   Default     0x0                  23614  0    WindowServer: (QuartzCore) [com.apple.coreanimation:DisplayState] IOMFBDisplay::complete_display_state_transition display_id=1, current_state=on
2026-03-14 20:58:25.554595-0400 0x3c732c   Default     0x0                  23614  7    WindowServer: (SkyLight) [com.apple.SkyLight:display] [ Display:Config     ] Name: Valid, Attributes: Valid
2026-03-14 20:58:25.556461-0400 0xcc884a   Default     0x0                  23614  0    WindowServer: (CoreRCPlugin) [com.apple.CoreRCPlugin:default] serviceNotificationAnalyticsPCON service published: 0x1004A8E45 : DCPDPDeviceProxy
2026-03-14 20:58:25.556848-0400 0x3c732c   Default     0x0                  23614  7    WindowServer: (SkyLight) [com.apple.SkyLight:display] [ Display:Presets:Shim ] <private>
2026-03-14 20:58:25.558322-0400 0x3c732c   Default     0x0                  23614  0    WindowServer: (ProDisplayLibrary) [com.apple.ProDisplayLibrary:ProDisplay] <private>
2026-03-14 20:58:25.558325-0400 0x3c732c   Default     0x0                  23614  7    WindowServer: (SkyLight) [com.apple.SkyLight:display] [ Display:Presets:Shim ] <private>
2026-03-14 20:58:25.560705-0400 0x3c732c   Default     0x0                  23614  7    WindowServer: (SkyLight) [com.apple.SkyLight:display] [ Display:HDR ] Display 1 has override file at <private>
2026-03-14 20:58:25.569283-0400 0x3c732c   Default     0x0                  23614  7    WindowServer: (SkyLight) [com.apple.SkyLight:display] [ Display:Mode       ] Display 1 set to starting mode 6
2026-03-14 20:58:25.569315-0400 0x3c732c   Default     0x0                  23614  7    WindowServer: (SkyLight) [com.apple.SkyLight:display] [ Display:HDR ] Not populating capabilities for builtin display 1 set to sdr mode and brightness slider support is enabled.
2026-03-14 20:58:25.574902-0400 0x3c732c   Default     0x0                  23614  7    WindowServer: (SkyLight) [com.apple.SkyLight:display] [ Display:Presets:Shim ] <private>
2026-03-14 20:58:25.574912-0400 0x3c732c   Default     0x0                  23614  0    WindowServer: (ProDisplayLibrary) [com.apple.ProDisplayLibrary:ProDisplay] <private>
