/Applications/BetterDisplay.app/Contents/MacOS/BetterDisplay (architecture x86_64):
	/System/Library/Frameworks/CoreDisplay.framework/Versions/A/CoreDisplay (compatibility version 1.0.0, current version 0.0.0)
	/System/Library/PrivateFrameworks/OSD.framework/Versions/A/OSD (compatibility version 1.0.0, current version 47.0.0)
	/System/Library/PrivateFrameworks/CoreBrightness.framework/Versions/A/CoreBrightness (compatibility version 1.0.0, current version 1.0.0)
	/System/Library/PrivateFrameworks/SkyLight.framework/Versions/A/SkyLight (compatibility version 64.0.0, current version 600.0.0)
	/System/Library/PrivateFrameworks/IOMobileFramebuffer.framework/Versions/A/IOMobileFramebuffer (compatibility version 1.0.0, current version 1.0.0)
	/System/Library/PrivateFrameworks/SidecarCore.framework/Versions/A/SidecarCore (compatibility version 1.0.0, current version 373.0.0)
	@rpath/Paddle.framework/Versions/A/Paddle (compatibility version 1.0.0, current version 1.0.0)
	@rpath/Sparkle.framework/Versions/B/Sparkle (compatibility version 1.6.0, current version 2.6.4)
	/System/Library/PrivateFrameworks/BezelServices.framework/Versions/A/BezelServices (compatibility version 1.0.0, current version 374.0.0)
	/System/Library/PrivateFrameworks/DisplayServices.framework/Versions/A/DisplayServices (compatibility version 1.0.0, current version 1.0.0)
	/System/Library/Frameworks/Foundation.framework/Versions/C/Foundation (compatibility version 300.0.0, current version 4040.1.255)
	/usr/lib/libobjc.A.dylib (compatibility version 1.0.0, current version 228.0.0)
	/usr/lib/libSystem.B.dylib (compatibility version 1.0.0, current version 1356.0.0)
	/System/Library/Frameworks/AVFAudio.framework/Versions/A/AVFAudio (compatibility version 1.0.0, current version 1.0.0)
	/System/Library/Frameworks/AppIntents.framework/Versions/A/AppIntents (compatibility version 0.0.0, current version 300.0.4)
	/System/Library/Frameworks/AppKit.framework/Versions/C/AppKit (compatibility version 45.0.0, current version 2685.10.108)
	/System/Library/Frameworks/ApplicationServices.framework/Versions/A/ApplicationServices (compatibility version 1.0.0, current version 66.0.0)
	/System/Library/Frameworks/Carbon.framework/Versions/A/Carbon (compatibility version 2.0.0, current version 170.0.0)
	/System/Library/Frameworks/ColorSync.framework/Versions/A/ColorSync (compatibility version 1.0.0, current version 3808.0.0)
	/System/Library/Frameworks/Combine.framework/Versions/A/Combine (compatibility version 1.0.0, current version 3023.0.0)
	/System/Library/Frameworks/CoreAudio.framework/Versions/A/CoreAudio (compatibility version 1.0.0, current version 1.0.0)
	/System/Library/Frameworks/CoreData.framework/Versions/A/CoreData (compatibility version 1.0.0, current version 1518.0.0)
	/System/Library/Frameworks/CoreFoundation.framework/Versions/A/CoreFoundation (compatibility version 150.0.0, current version 4040.1.255)
	/System/Library/Frameworks/CoreGraphics.framework/Versions/A/CoreGraphics (compatibility version 64.0.0, current version 1957.0.0)
	/System/Library/Frameworks/CoreImage.framework/Versions/A/CoreImage (compatibility version 1.0.1, current version 7.0.0)
	/System/Library/Frameworks/CoreServices.framework/Versions/A/CoreServices (compatibility version 1.0.0, current version 1226.0.0)
	/System/Library/Frameworks/CoreVideo.framework/Versions/A/CoreVideo (compatibility version 1.2.0, current version 706.46.5)
	/System/Library/Frameworks/CryptoKit.framework/Versions/A/CryptoKit (compatibility version 1.0.0, current version 1.0.0)
	/System/Library/Frameworks/IOKit.framework/Versions/A/IOKit (compatibility version 1.0.0, current version 275.0.0)
	/System/Library/Frameworks/Metal.framework/Versions/A/Metal (compatibility version 1.0.0, current version 370.63.1)
	/System/Library/Frameworks/MetalKit.framework/Versions/A/MetalKit (compatibility version 1.0.0, current version 172.3.0)
	/System/Library/Frameworks/MetricKit.framework/Versions/A/MetricKit (compatibility version 1.0.0, current version 1.0.0, weak)
	/System/Library/Frameworks/QuartzCore.framework/Versions/A/QuartzCore (compatibility version 1.2.0, current version 1193.18.35)
	/System/Library/Frameworks/ScreenCaptureKit.framework/Versions/A/ScreenCaptureKit (compatibility version 1.0.0, current version 1.0.0)
	/System/Library/Frameworks/Security.framework/Versions/A/Security (compatibility version 1.0.0, current version 61901.0.87)
	/System/Library/Frameworks/ServiceManagement.framework/Versions/A/ServiceManagement (compatibility version 1.0.0, current version 3089.0.11)
	/System/Library/Frameworks/SwiftUI.framework/Versions/A/SwiftUI (compatibility version 1.0.0, current version 7.0.84)
	/System/Library/Frameworks/Symbols.framework/Versions/A/Symbols (compatibility version 1.0.0, current version 189.0.0, weak)
	/System/Library/Frameworks/SystemConfiguration.framework/Versions/A/SystemConfiguration (compatibility version 1.0.0, current version 1385.0.7)
	/System/Library/Frameworks/UserNotifications.framework/Versions/A/UserNotifications (compatibility version 1.0.0, current version 1.0.0)
	/usr/lib/libc++.1.dylib (compatibility version 1.0.0, current version 2000.63.0)
	/usr/lib/libz.1.dylib (compatibility version 1.0.0, current version 1.2.12)
	/usr/lib/swift/libswiftAVFoundation.dylib (compatibility version 1.0.0, current version 2360.79.5, weak)
	/usr/lib/swift/libswiftCore.dylib (compatibility version 0.0.0, current version 0.0.0)
	/usr/lib/swift/libswiftCoreAudio.dylib (compatibility version 1.0.0, current version 411.106.0, weak)
	/usr/lib/swift/libswiftCoreFoundation.dylib (compatibility version 1.0.0, current version 120.100.0)
	/usr/lib/swift/libswiftCoreImage.dylib (compatibility version 1.0.0, current version 2.2.0, weak)
	/usr/lib/swift/libswiftCoreLocation.dylib (compatibility version 1.0.0, current version 53.0.0, weak)
	/usr/lib/swift/libswiftCoreMIDI.dylib (compatibility version 1.0.0, current version 6.0.0, weak)
	/usr/lib/swift/libswiftCoreMedia.dylib (compatibility version 1.0.0, current version 3255.79.5)
	/usr/lib/swift/libswiftDarwin.dylib (compatibility version 1.0.0, current version 347.0.12)
	/usr/lib/swift/libswiftDispatch.dylib (compatibility version 1.0.0, current version 56.0.0)
	/usr/lib/swift/libswiftIOKit.dylib (compatibility version 1.0.0, current version 1.0.0, weak)
	/usr/lib/swift/libswiftMetal.dylib (compatibility version 1.0.0, current version 370.63.1, weak)
	/usr/lib/swift/libswiftMetalKit.dylib (compatibility version 1.0.0, current version 1.2.0, weak)
	/usr/lib/swift/libswiftMetricKit.dylib (compatibility version 1.0.0, current version 7.0.0, weak)
	/usr/lib/swift/libswiftModelIO.dylib (compatibility version 1.0.0, current version 1.0.0, weak)
	/usr/lib/swift/libswiftOSLog.dylib (compatibility version 1.0.0, current version 8.0.0, weak)
	/usr/lib/swift/libswiftObjectiveC.dylib (compatibility version 1.0.0, current version 950.0.0)
	/usr/lib/swift/libswiftQuartzCore.dylib (compatibility version 1.0.0, current version 5.0.0, weak)
	/usr/lib/swift/libswiftQuickLookUI.dylib (compatibility version 1.0.0, current version 1018.1.0, weak)
	/usr/lib/swift/libswiftSpatial.dylib (compatibility version 1.0.0, current version 1.0.0, weak)
	/usr/lib/swift/libswiftUniformTypeIdentifiers.dylib (compatibility version 1.0.0, current version 876.2.200)
	/usr/lib/swift/libswiftXPC.dylib (compatibility version 1.0.0, current version 105.0.14, weak)
	/usr/lib/swift/libswift_Concurrency.dylib (compatibility version 1.0.0, current version 0.0.0)
	/usr/lib/swift/libswiftos.dylib (compatibility version 1.0.0, current version 1076.0.0)
	/usr/lib/swift/libswiftsimd.dylib (compatibility version 1.0.0, current version 23.0.0, weak)
	/usr/lib/swift/libswiftAppKit.dylib (compatibility version 1.0.0, current version 1.0.0)
	/usr/lib/swift/libswiftCoreGraphics.dylib (compatibility version 1.0.0, current version 1.0.0)
/Applications/BetterDisplay.app/Contents/MacOS/BetterDisplay (architecture arm64):
	/System/Library/Frameworks/CoreDisplay.framework/Versions/A/CoreDisplay (compatibility version 1.0.0, current version 0.0.0)
	/System/Library/PrivateFrameworks/OSD.framework/Versions/A/OSD (compatibility version 1.0.0, current version 47.0.0)
	/System/Library/PrivateFrameworks/CoreBrightness.framework/Versions/A/CoreBrightness (compatibility version 1.0.0, current version 1.0.0)
	/System/Library/PrivateFrameworks/SkyLight.framework/Versions/A/SkyLight (compatibility version 64.0.0, current version 600.0.0)
	/System/Library/PrivateFrameworks/IOMobileFramebuffer.framework/Versions/A/IOMobileFramebuffer (compatibility version 1.0.0, current version 1.0.0)
	/System/Library/PrivateFrameworks/SidecarCore.framework/Versions/A/SidecarCore (compatibility version 1.0.0, current version 373.0.0)
	@rpath/Paddle.framework/Versions/A/Paddle (compatibility version 1.0.0, current version 1.0.0)
	@rpath/Sparkle.framework/Versions/B/Sparkle (compatibility version 1.6.0, current version 2.6.4)
	/System/Library/PrivateFrameworks/BezelServices.framework/Versions/A/BezelServices (compatibility version 1.0.0, current version 374.0.0)
	/System/Library/PrivateFrameworks/DisplayServices.framework/Versions/A/DisplayServices (compatibility version 1.0.0, current version 1.0.0)
	/System/Library/Frameworks/Foundation.framework/Versions/C/Foundation (compatibility version 300.0.0, current version 4040.1.255)
	/usr/lib/libobjc.A.dylib (compatibility version 1.0.0, current version 228.0.0)
	/usr/lib/libSystem.B.dylib (compatibility version 1.0.0, current version 1356.0.0)
	/System/Library/Frameworks/AVFAudio.framework/Versions/A/AVFAudio (compatibility version 1.0.0, current version 1.0.0)
	/System/Library/Frameworks/AppIntents.framework/Versions/A/AppIntents (compatibility version 0.0.0, current version 300.0.4)
	/System/Library/Frameworks/AppKit.framework/Versions/C/AppKit (compatibility version 45.0.0, current version 2685.10.108)
	/System/Library/Frameworks/ApplicationServices.framework/Versions/A/ApplicationServices (compatibility version 1.0.0, current version 66.0.0)
	/System/Library/Frameworks/Carbon.framework/Versions/A/Carbon (compatibility version 2.0.0, current version 170.0.0)
	/System/Library/Frameworks/ColorSync.framework/Versions/A/ColorSync (compatibility version 1.0.0, current version 3808.0.0)
	/System/Library/Frameworks/Combine.framework/Versions/A/Combine (compatibility version 1.0.0, current version 3023.0.0)
	/System/Library/Frameworks/CoreAudio.framework/Versions/A/CoreAudio (compatibility version 1.0.0, current version 1.0.0)
	/System/Library/Frameworks/CoreData.framework/Versions/A/CoreData (compatibility version 1.0.0, current version 1518.0.0)
	/System/Library/Frameworks/CoreFoundation.framework/Versions/A/CoreFoundation (compatibility version 150.0.0, current version 4040.1.255)
	/System/Library/Frameworks/CoreGraphics.framework/Versions/A/CoreGraphics (compatibility version 64.0.0, current version 1957.0.0)
	/System/Library/Frameworks/CoreImage.framework/Versions/A/CoreImage (compatibility version 1.0.1, current version 7.0.0)
	/System/Library/Frameworks/CoreServices.framework/Versions/A/CoreServices (compatibility version 1.0.0, current version 1226.0.0)
	/System/Library/Frameworks/CoreVideo.framework/Versions/A/CoreVideo (compatibility version 1.2.0, current version 706.46.5)
	/System/Library/Frameworks/CryptoKit.framework/Versions/A/CryptoKit (compatibility version 1.0.0, current version 1.0.0)
	/System/Library/Frameworks/IOKit.framework/Versions/A/IOKit (compatibility version 1.0.0, current version 275.0.0)
	/System/Library/Frameworks/Metal.framework/Versions/A/Metal (compatibility version 1.0.0, current version 370.63.1)
	/System/Library/Frameworks/MetalKit.framework/Versions/A/MetalKit (compatibility version 1.0.0, current version 172.3.0)
	/System/Library/Frameworks/MetricKit.framework/Versions/A/MetricKit (compatibility version 1.0.0, current version 1.0.0, weak)
	/System/Library/Frameworks/QuartzCore.framework/Versions/A/QuartzCore (compatibility version 1.2.0, current version 1193.18.35)
	/System/Library/Frameworks/ScreenCaptureKit.framework/Versions/A/ScreenCaptureKit (compatibility version 1.0.0, current version 1.0.0)
	/System/Library/Frameworks/Security.framework/Versions/A/Security (compatibility version 1.0.0, current version 61901.0.87)
	/System/Library/Frameworks/ServiceManagement.framework/Versions/A/ServiceManagement (compatibility version 1.0.0, current version 3089.0.11)
	/System/Library/Frameworks/SwiftUI.framework/Versions/A/SwiftUI (compatibility version 1.0.0, current version 7.0.84)
	/System/Library/Frameworks/Symbols.framework/Versions/A/Symbols (compatibility version 1.0.0, current version 189.0.0, weak)
	/System/Library/Frameworks/SystemConfiguration.framework/Versions/A/SystemConfiguration (compatibility version 1.0.0, current version 1385.0.7)
	/System/Library/Frameworks/UserNotifications.framework/Versions/A/UserNotifications (compatibility version 1.0.0, current version 1.0.0)
	/usr/lib/libc++.1.dylib (compatibility version 1.0.0, current version 2000.63.0)
	/usr/lib/libz.1.dylib (compatibility version 1.0.0, current version 1.2.12)
	/usr/lib/swift/libswiftAVFoundation.dylib (compatibility version 1.0.0, current version 2360.79.5, weak)
	/usr/lib/swift/libswiftCore.dylib (compatibility version 0.0.0, current version 0.0.0)
	/usr/lib/swift/libswiftCoreAudio.dylib (compatibility version 1.0.0, current version 411.106.0, weak)
	/usr/lib/swift/libswiftCoreFoundation.dylib (compatibility version 1.0.0, current version 120.100.0)
	/usr/lib/swift/libswiftCoreImage.dylib (compatibility version 1.0.0, current version 2.2.0, weak)
	/usr/lib/swift/libswiftCoreLocation.dylib (compatibility version 1.0.0, current version 53.0.0, weak)
	/usr/lib/swift/libswiftCoreMIDI.dylib (compatibility version 1.0.0, current version 6.0.0, weak)
	/usr/lib/swift/libswiftCoreMedia.dylib (compatibility version 1.0.0, current version 3255.79.5)
	/usr/lib/swift/libswiftDarwin.dylib (compatibility version 1.0.0, current version 347.0.12)
	/usr/lib/swift/libswiftDispatch.dylib (compatibility version 1.0.0, current version 56.0.0)
	/usr/lib/swift/libswiftIOKit.dylib (compatibility version 1.0.0, current version 1.0.0)
	/usr/lib/swift/libswiftMetal.dylib (compatibility version 1.0.0, current version 370.63.1, weak)
	/usr/lib/swift/libswiftMetalKit.dylib (compatibility version 1.0.0, current version 1.2.0, weak)
	/usr/lib/swift/libswiftMetricKit.dylib (compatibility version 1.0.0, current version 7.0.0, weak)
	/usr/lib/swift/libswiftModelIO.dylib (compatibility version 1.0.0, current version 1.0.0, weak)
	/usr/lib/swift/libswiftOSLog.dylib (compatibility version 1.0.0, current version 8.0.0, weak)
	/usr/lib/swift/libswiftObjectiveC.dylib (compatibility version 1.0.0, current version 950.0.0)
	/usr/lib/swift/libswiftQuartzCore.dylib (compatibility version 1.0.0, current version 5.0.0, weak)
	/usr/lib/swift/libswiftQuickLookUI.dylib (compatibility version 1.0.0, current version 1018.1.0, weak)
	/usr/lib/swift/libswiftSpatial.dylib (compatibility version 1.0.0, current version 1.0.0, weak)
	/usr/lib/swift/libswiftUniformTypeIdentifiers.dylib (compatibility version 1.0.0, current version 876.2.200)
	/usr/lib/swift/libswiftXPC.dylib (compatibility version 1.0.0, current version 105.0.14, weak)
	/usr/lib/swift/libswift_Concurrency.dylib (compatibility version 1.0.0, current version 0.0.0)
	/usr/lib/swift/libswiftos.dylib (compatibility version 1.0.0, current version 1076.0.0)
	/usr/lib/swift/libswiftsimd.dylib (compatibility version 1.0.0, current version 23.0.0, weak)
	/usr/lib/swift/libswiftAppKit.dylib (compatibility version 1.0.0, current version 1.0.0)
	/usr/lib/swift/libswiftCoreGraphics.dylib (compatibility version 1.0.0, current version 1.0.0)
